<?xml version="1.0" encoding="UTF-8"?>
<testng-results skipped="1" failed="1" total="4" passed="2">
  <reporter-output>
  </reporter-output>
  <suite name="CRMApplicationTestCasesSuite" duration-ms="117976" started-at="2020-06-01T15:44:31Z" finished-at="2020-06-01T15:46:29Z">
    <groups>
    </groups>
    <test name="CRMTest" duration-ms="117976" started-at="2020-06-01T15:44:31Z" finished-at="2020-06-01T15:46:29Z">
      <class name="com.crm.qa.testcases.HomePageTest">
        <test-method status="PASS" signature="setUp()[pri:0, instance:com.crm.qa.testcases.HomePageTest@19f99ea]" name="setUp" is-config="true" duration-ms="26214" started-at="2020-06-01T21:16:02Z" finished-at="2020-06-01T21:16:28Z">
          <reporter-output>
          </reporter-output>
        </test-method> <!-- setUp -->
        <test-method status="FAIL" signature="homePageTitleTest()[pri:0, instance:com.crm.qa.testcases.HomePageTest@19f99ea]" name="homePageTitleTest" duration-ms="311" started-at="2020-06-01T21:16:28Z" finished-at="2020-06-01T21:16:29Z">
          <exception class="java.lang.NullPointerException">
            <full-stacktrace>
              <![CDATA[java.lang.NullPointerException
	at com.crm.qa.testcases.HomePageTest.homePageTitleTest(HomePageTest.java:46)
	at sun.reflect.NativeMethodAccessorImpl.invoke0(Native Method)
	at sun.reflect.NativeMethodAccessorImpl.invoke(Unknown Source)
	at sun.reflect.DelegatingMethodAccessorImpl.invoke(Unknown Source)
	at java.lang.reflect.Method.invoke(Unknown Source)
	at org.testng.internal.MethodInvocationHelper.invokeMethod(MethodInvocationHelper.java:80)
	at org.testng.internal.Invoker.invokeMethod(Invoker.java:714)
	at org.testng.internal.Invoker.invokeTestMethod(Invoker.java:901)
	at org.testng.internal.Invoker.invokeTestMethods(Invoker.java:1231)
	at org.testng.internal.TestMethodWorker.invokeTestMethods(TestMethodWorker.java:127)
	at org.testng.internal.TestMethodWorker.run(TestMethodWorker.java:111)
	at org.testng.TestRunner.privateRun(TestRunner.java:767)
	at org.testng.TestRunner.run(TestRunner.java:617)
	at org.testng.SuiteRunner.runTest(SuiteRunner.java:334)
	at org.testng.SuiteRunner.runSequentially(SuiteRunner.java:329)
	at org.testng.SuiteRunner.privateRun(SuiteRunner.java:291)
	at org.testng.SuiteRunner.run(SuiteRunner.java:240)
	at org.testng.SuiteRunnerWorker.runSuite(SuiteRunnerWorker.java:52)
	at org.testng.SuiteRunnerWorker.run(SuiteRunnerWorker.java:86)
	at org.testng.TestNG.runSuitesSequentially(TestNG.java:1198)
	at org.testng.TestNG.runSuitesLocally(TestNG.java:1123)
	at org.testng.TestNG.run(TestNG.java:1031)
	at org.testng.remote.AbstractRemoteTestNG.run(AbstractRemoteTestNG.java:114)
	at org.testng.remote.RemoteTestNG.initAndRun(RemoteTestNG.java:251)
	at org.testng.remote.RemoteTestNG.main(RemoteTestNG.java:77)
]]>
            </full-stacktrace>
          </exception> <!-- java.lang.NullPointerException -->
          <reporter-output>
          </reporter-output>
        </test-method> <!-- homePageTitleTest -->
        <test-method status="FAIL" signature="tearDown()[pri:0, instance:com.crm.qa.testcases.HomePageTest@19f99ea]" name="tearDown" is-config="true" duration-ms="0" started-at="2020-06-01T21:16:29Z" finished-at="2020-06-01T21:16:29Z">
          <exception class="java.lang.IllegalArgumentException">
            <message>
              <![CDATA[Unterminated quote]]>
            </message>
            <full-stacktrace>
              <![CDATA[java.lang.IllegalArgumentException: Unterminated quote
	at java.text.SimpleDateFormat.compile(Unknown Source)
	at java.text.SimpleDateFormat.initialize(Unknown Source)
	at java.text.SimpleDateFormat.<init>(Unknown Source)
	at java.text.SimpleDateFormat.<init>(Unknown Source)
	at com.crm.qa.util.TestUtil.takeScreenshot(TestUtil.java:27)
	at com.crm.qa.testcases.HomePageTest.tearDown(HomePageTest.java:70)
	at sun.reflect.NativeMethodAccessorImpl.invoke0(Native Method)
	at sun.reflect.NativeMethodAccessorImpl.invoke(Unknown Source)
	at sun.reflect.DelegatingMethodAccessorImpl.invoke(Unknown Source)
	at java.lang.reflect.Method.invoke(Unknown Source)
	at org.testng.internal.MethodInvocationHelper.invokeMethod(MethodInvocationHelper.java:80)
	at org.testng.internal.Invoker.invokeConfigurationMethod(Invoker.java:564)
	at org.testng.internal.Invoker.invokeConfigurations(Invoker.java:213)
	at org.testng.internal.Invoker.invokeMethod(Invoker.java:786)
	at org.testng.internal.Invoker.invokeTestMethod(Invoker.java:901)
	at org.testng.internal.Invoker.invokeTestMethods(Invoker.java:1231)
	at org.testng.internal.TestMethodWorker.invokeTestMethods(TestMethodWorker.java:127)
	at org.testng.internal.TestMethodWorker.run(TestMethodWorker.java:111)
	at org.testng.TestRunner.privateRun(TestRunner.java:767)
	at org.testng.TestRunner.run(TestRunner.java:617)
	at org.testng.SuiteRunner.runTest(SuiteRunner.java:334)
	at org.testng.SuiteRunner.runSequentially(SuiteRunner.java:329)
	at org.testng.SuiteRunner.privateRun(SuiteRunner.java:291)
	at org.testng.SuiteRunner.run(SuiteRunner.java:240)
	at org.testng.SuiteRunnerWorker.runSuite(SuiteRunnerWorker.java:52)
	at org.testng.SuiteRunnerWorker.run(SuiteRunnerWorker.java:86)
	at org.testng.TestNG.runSuitesSequentially(TestNG.java:1198)
	at org.testng.TestNG.runSuitesLocally(TestNG.java:1123)
	at org.testng.TestNG.run(TestNG.java:1031)
	at org.testng.remote.AbstractRemoteTestNG.run(AbstractRemoteTestNG.java:114)
	at org.testng.remote.RemoteTestNG.initAndRun(RemoteTestNG.java:251)
	at org.testng.remote.RemoteTestNG.main(RemoteTestNG.java:77)
]]>
            </full-stacktrace>
          </exception> <!-- java.lang.IllegalArgumentException -->
          <reporter-output>
          </reporter-output>
        </test-method> <!-- tearDown -->
        <test-method status="SKIP" signature="setUp()[pri:0, instance:com.crm.qa.testcases.HomePageTest@19f99ea]" name="setUp" is-config="true" duration-ms="0" started-at="2020-06-01T21:16:29Z" finished-at="2020-06-01T21:16:29Z">
          <reporter-output>
          </reporter-output>
        </test-method> <!-- setUp -->
        <test-method status="SKIP" signature="homePageUsernameLabelTest()[pri:0, instance:com.crm.qa.testcases.HomePageTest@19f99ea]" name="homePageUsernameLabelTest" duration-ms="2" started-at="2020-06-01T21:16:29Z" finished-at="2020-06-01T21:16:29Z">
          <reporter-output>
          </reporter-output>
        </test-method> <!-- homePageUsernameLabelTest -->
        <test-method status="SKIP" signature="tearDown()[pri:0, instance:com.crm.qa.testcases.HomePageTest@19f99ea]" name="tearDown" is-config="true" duration-ms="0" started-at="2020-06-01T21:16:29Z" finished-at="2020-06-01T21:16:29Z">
          <reporter-output>
          </reporter-output>
        </test-method> <!-- tearDown -->
      </class> <!-- com.crm.qa.testcases.HomePageTest -->
      <class name="com.crm.qa.testcases.LoginPageTest">
        <test-method status="PASS" signature="setUp()[pri:0, instance:com.crm.qa.testcases.LoginPageTest@d56d67]" name="setUp" is-config="true" duration-ms="57324" started-at="2020-06-01T21:14:31Z" finished-at="2020-06-01T21:15:29Z">
          <reporter-output>
          </reporter-output>
        </test-method> <!-- setUp -->
        <test-method status="PASS" signature="crmImageTest()[pri:0, instance:com.crm.qa.testcases.LoginPageTest@d56d67]" name="crmImageTest" duration-ms="300" started-at="2020-06-01T21:15:29Z" finished-at="2020-06-01T21:15:29Z">
          <reporter-output>
          </reporter-output>
        </test-method> <!-- crmImageTest -->
        <test-method status="PASS" signature="tearDown()[pri:0, instance:com.crm.qa.testcases.LoginPageTest@d56d67]" name="tearDown" is-config="true" duration-ms="6821" started-at="2020-06-01T21:15:29Z" finished-at="2020-06-01T21:15:36Z">
          <reporter-output>
          </reporter-output>
        </test-method> <!-- tearDown -->
        <test-method status="PASS" signature="setUp()[pri:0, instance:com.crm.qa.testcases.LoginPageTest@d56d67]" name="setUp" is-config="true" duration-ms="13497" started-at="2020-06-01T21:15:36Z" finished-at="2020-06-01T21:15:49Z">
          <reporter-output>
          </reporter-output>
        </test-method> <!-- setUp -->
        <test-method status="PASS" signature="loginTest()[pri:0, instance:com.crm.qa.testcases.LoginPageTest@d56d67]" name="loginTest" duration-ms="10616" started-at="2020-06-01T21:15:49Z" finished-at="2020-06-01T21:16:00Z">
          <reporter-output>
          </reporter-output>
        </test-method> <!-- loginTest -->
        <test-method status="PASS" signature="tearDown()[pri:0, instance:com.crm.qa.testcases.LoginPageTest@d56d67]" name="tearDown" is-config="true" duration-ms="2237" started-at="2020-06-01T21:16:00Z" finished-at="2020-06-01T21:16:02Z">
          <reporter-output>
          </reporter-output>
        </test-method> <!-- tearDown -->
      </class> <!-- com.crm.qa.testcases.LoginPageTest -->
    </test> <!-- CRMTest -->
  </suite> <!-- CRMApplicationTestCasesSuite -->
</testng-results>
